<?xml version="1.0" encoding="UTF-8"?>
<!-- Generated by org.testng.reporters.JUnitReportReporter -->
<testsuite skipped="0" hostname="PRO-LAP-495" name="Tests.VerifyLogin" tests="1" failures="0" timestamp="13 Mar 2021 15:56:08 GMT" time="14.472" errors="0">
  <testcase name="TestLogin" time="14.472" classname="Tests.VerifyLogin"/>
</testsuite> <!-- Tests.VerifyLogin -->
